<?xml version="1.0" encoding="UTF-8"?>
<!-- Generated by org.testng.reporters.JUnitReportReporter -->
<testsuite skipped="0" hostname="DELL" name="testngexample.InvocationCount" tests="3" failures="0" timestamp="26 Nov 2018 11:38:46 GMT" time="0.013" errors="0">
  <testcase name="testA" time="0.002" classname="testngexample.InvocationCount"/>
  <testcase name="testA" time="0.009" classname="testngexample.InvocationCount"/>
  <testcase name="testA" time="0.002" classname="testngexample.InvocationCount"/>
</testsuite> <!-- testngexample.InvocationCount -->
