<?xml version="1.0" encoding="UTF-8"?>
<!-- Generated by org.testng.reporters.JUnitReportReporter -->
<testsuite skipped="1" hostname="DELL" name="testngexample.DataproviderExamples" tests="1" failures="0" timestamp="26 Nov 2018 13:18:40 GMT" time="0.000" errors="0">
  <testcase name="CreateUser" time="0.000" classname="testngexample.DataproviderExamples">
    <skipped/>
  </testcase> <!-- CreateUser -->
</testsuite> <!-- testngexample.DataproviderExamples -->
