<?xml version="1.0" encoding="UTF-8"?>
<!-- Generated by org.testng.reporters.JUnitReportReporter -->
<testsuite skipped="0" hostname="DELL" name="testngexample.Priorty" tests="2" failures="0" timestamp="26 Nov 2018 11:44:36 GMT" time="0.011" errors="0">
  <testcase name="registerUser1" time="0.008" classname="testngexample.Priorty"/>
  <testcase name="registerUser" time="0.003" classname="testngexample.Priorty"/>
</testsuite> <!-- testngexample.Priorty -->
