<?xml version="1.0" encoding="UTF-8"?>
<!-- Generated by org.testng.reporters.JUnitReportReporter -->
<testsuite skipped="0" hostname="DELL" name="testngexample.DemoA" tests="1" failures="0" timestamp="26 Nov 2018 13:29:57 GMT" time="0.000" errors="0">
  <testcase name="testA" time="0.000" classname="testngexample.DemoA"/>
</testsuite> <!-- testngexample.DemoA -->
